<?xml version="1.0" encoding="UTF-8"?>
<!-- Generated by org.testng.reporters.JUnitReportReporter -->
<testsuite hostname="LAPTOP-RKLP3EC1" name="testscripts.TC002" tests="2" failures="0" timestamp="1 Mar 2022 16:53:56 GMT" time="9.723" errors="0">
  <testcase name="verifyHRMLogin" time="5.677" classname="testscripts.TC002"/>
  <testcase name="verifyHRMAddEmp" time="4.046" classname="testscripts.TC002"/>
</testsuite> <!-- testscripts.TC002 -->
