<?xml version="1.0" encoding="UTF-8"?>
<!-- Generated by org.testng.reporters.JUnitReportReporter -->
<testsuite hostname="LAPTOP-RKLP3EC1" name="testscripts.TC001" tests="1" failures="0" timestamp="1 Mar 2022 16:53:56 GMT" time="5.260" errors="0">
  <testcase name="verifyLogin" time="5.260" classname="testscripts.TC001"/>
</testsuite> <!-- testscripts.TC001 -->
